<?xml version="1.0" encoding="UTF-8"?>
<!-- Generated by org.testng.reporters.JUnitReportReporter -->
<testsuite skipped="0" hostname="DESKTOP-A7L5GQS" name="com.runner.TestNgRunner" tests="1" failures="0" timestamp="19 May 2018 04:08:52 GMT" time="18.845" errors="0">
  <testcase name="feature" time="18.845" classname="com.runner.TestNgRunner"/>
</testsuite> <!-- com.runner.TestNgRunner -->
